# JRE version: Java(TM) SE Runtime Environment 18.9 (11.0.11+9) (build 11.0.11+9-LTS-194)
# Java VM: Java HotSpot(TM) 64-Bit Server VM 18.9 (11.0.11+9-LTS-194, mixed mode, tiered, compressed oops, g1 gc, windows-amd64)
Heap:
 garbage-first heap   total 129024K, used 11573K [0x0000000082600000, 0x0000000100000000)
  region size 1024K, 5 young (5120K), 5 survivors (5120K)
 Metaspace       used 25931K, capacity 26609K, committed 26672K, reserved 1085440K
  class space    used 3150K, capacity 3441K, committed 3456K, reserved 1048576K
GC Heap History (10 events):
Event: 1.422 GC heap before
{Heap before GC invocations=0 (full 0):
 garbage-first heap   total 129024K, used 24576K [0x0000000082600000, 0x0000000100000000)
  region size 1024K, 24 young (24576K), 0 survivors (0K)
 Metaspace       used 13984K, capacity 14329K, committed 14464K, reserved 1062912K
  class space    used 1459K, capacity 1590K, committed 1664K, reserved 1048576K
}
Event: 1.429 GC heap after
{Heap after GC invocations=1 (full 0):
 garbage-first heap   total 129024K, used 7343K [0x0000000082600000, 0x0000000100000000)
  region size 1024K, 3 young (3072K), 3 survivors (3072K)
 Metaspace       used 13984K, capacity 14329K, committed 14464K, reserved 1062912K
  class space    used 1459K, capacity 1590K, committed 1664K, reserved 1048576K
}
Event: 1.671 GC heap before
{Heap before GC invocations=1 (full 0):
 garbage-first heap   total 129024K, used 64687K [0x0000000082600000, 0x0000000100000000)
  region size 1024K, 60 young (61440K), 3 survivors (3072K)
 Metaspace       used 16357K, capacity 16824K, committed 17152K, reserved 1064960K
  class space    used 1773K, capacity 1960K, committed 2048K, reserved 1048576K
}
Event: 1.675 GC heap after
{Heap after GC invocations=2 (full 0):
 garbage-first heap   total 129024K, used 8251K [0x0000000082600000, 0x0000000100000000)
  region size 1024K, 4 young (4096K), 4 survivors (4096K)
 Metaspace       used 16357K, capacity 16824K, committed 17152K, reserved 1064960K
  class space    used 1773K, capacity 1960K, committed 2048K, reserved 1048576K
}
Event: 2.068 GC heap before
{Heap before GC invocations=2 (full 0):
 garbage-first heap   total 129024K, used 37947K [0x0000000082600000, 0x0000000100000000)
  region size 1024K, 35 young (35840K), 4 survivors (4096K)
 Metaspace       used 20589K, capacity 21156K, committed 21296K, reserved 1069056K
  class space    used 2390K, capacity 2646K, committed 2688K, reserved 1048576K
}
Event: 2.072 GC heap after
{Heap after GC invocations=3 (full 0):
 garbage-first heap   total 129024K, used 9494K [0x0000000082600000, 0x0000000100000000)
  region size 1024K, 6 young (6144K), 6 survivors (6144K)
 Metaspace       used 20589K, capacity 21156K, committed 21296K, reserved 1069056K
  class space    used 2390K, capacity 2646K, committed 2688K, reserved 1048576K
}
Event: 2.252 GC heap before
{Heap before GC invocations=4 (full 0):
 garbage-first heap   total 129024K, used 68886K [0x0000000082600000, 0x0000000100000000)
  region size 1024K, 65 young (66560K), 6 survivors (6144K)
 Metaspace       used 24040K, capacity 24688K, committed 25008K, reserved 1071104K
  class space    used 2949K, capacity 3223K, committed 3328K, reserved 1048576K
}
Event: 2.257 GC heap after
{Heap after GC invocations=5 (full 0):
 garbage-first heap   total 129024K, used 10994K [0x0000000082600000, 0x0000000100000000)
  region size 1024K, 4 young (4096K), 4 survivors (4096K)
 Metaspace       used 24040K, capacity 24688K, committed 25008K, reserved 1071104K
  class space    used 2949K, capacity 3223K, committed 3328K, reserved 1048576K
}
Event: 2.342 GC heap before
{Heap before GC invocations=5 (full 0):
 garbage-first heap   total 129024K, used 41714K [0x0000000082600000, 0x0000000100000000)
  region size 1024K, 36 young (36864K), 4 survivors (4096K)
 Metaspace       used 25931K, capacity 26609K, committed 26672K, reserved 1083392K
  class space    used 3150K, capacity 3441K, committed 3456K, reserved 1048576K
}
Event: 2.347 GC heap after
{Heap after GC invocations=6 (full 0):
 garbage-first heap   total 129024K, used 11573K [0x0000000082600000, 0x0000000100000000)
  region size 1024K, 5 young (5120K), 5 survivors (5120K)
 Metaspace       used 25931K, capacity 26609K, committed 26672K, reserved 1083392K
  class space    used 3150K, capacity 3441K, committed 3456K, reserved 1048576K
}

